[debug] [2020-03-28T11:58:18.006Z] ----------------------------------------------------------------------
[debug] [2020-03-28T11:58:18.009Z] Command:       /Users/taha/.nvm/versions/node/v10.16.3/bin/node /usr/local/bin/firebase deploy --only hosting
[debug] [2020-03-28T11:58:18.009Z] CLI Version:   7.11.0
[debug] [2020-03-28T11:58:18.009Z] Platform:      darwin
[debug] [2020-03-28T11:58:18.009Z] Node Version:  v10.16.3
[debug] [2020-03-28T11:58:18.012Z] Time:          Sat Mar 28 2020 17:58:18 GMT+0600 (Bangladesh Standard Time)
[debug] [2020-03-28T11:58:18.012Z] ----------------------------------------------------------------------
[debug] [2020-03-28T11:58:18.012Z] 
[debug] [2020-03-28T11:58:18.021Z] > command requires scopes: ["email","openid","https://www.googleapis.com/auth/cloudplatformprojects.readonly","https://www.googleapis.com/auth/firebase","https://www.googleapis.com/auth/cloud-platform"]
[debug] [2020-03-28T11:58:18.022Z] > authorizing via signed-in user
[debug] [2020-03-28T11:58:18.022Z] [iam] checking project my-project-1520941008063 for permissions ["firebase.projects.get","firebasehosting.sites.update"]
[debug] [2020-03-28T11:58:18.023Z] >>> HTTP REQUEST POST https://cloudresourcemanager.googleapis.com/v1/projects/my-project-1520941008063:testIamPermissions  

[debug] [2020-03-28T11:58:19.721Z] <<< HTTP RESPONSE 200
[debug] [2020-03-28T11:58:19.724Z] >>> HTTP REQUEST GET https://firebase.googleapis.com/v1beta1/projects/my-project-1520941008063  
 
[debug] [2020-03-28T11:58:20.336Z] <<< HTTP RESPONSE 200
[info] 
[info] === Deploying to 'my-project-1520941008063'...
[info] 
[info] i  deploying hosting
[debug] [2020-03-28T11:58:20.344Z] >>> HTTP REQUEST POST https://firebasehosting.googleapis.com/v1beta1/sites/my-project-1520941008063/versions  

